This is pdfTeX, Version 3.14159265-2.6-1.40.20 (TeX Live 2019/Debian) (preloaded format=latex 2020.4.24)  25 MAY 2020 21:09
entering extended mode
 restricted \write18 enabled.
 %&-line parsing enabled.
**gpm_cmip6_temporal_autocorr_daily.tex
(./gpm_cmip6_temporal_autocorr_daily.tex
LaTeX2e <2020-02-02> patch level 2
L3 programming layer <2020-02-14>
(/usr/share/texlive/texmf-dist/tex/latex/base/article.cls
Document Class: article 2019/12/20 v1.4l Standard LaTeX document class
(/usr/share/texlive/texmf-dist/tex/latex/base/size11.clo
File: size11.clo 2019/12/20 v1.4l Standard LaTeX file (size option)
)
\c@part=\count167
\c@section=\count168
\c@subsection=\count169
\c@subsubsection=\count170
\c@paragraph=\count171
\c@subparagraph=\count172
\c@figure=\count173
\c@table=\count174
\abovecaptionskip=\skip47
\belowcaptionskip=\skip48
\bibindent=\dimen134
)
(/usr/share/texlive/texmf-dist/tex/latex/graphics/graphicx.sty
Package: graphicx 2019/11/30 v1.2a Enhanced LaTeX Graphics (DPC,SPQR)

(/usr/share/texlive/texmf-dist/tex/latex/graphics/keyval.sty
Package: keyval 2014/10/28 v1.15 key=value parser (DPC)
\KV@toks@=\toks14
)
(/usr/share/texlive/texmf-dist/tex/latex/graphics/graphics.sty
Package: graphics 2019/11/30 v1.4a Standard LaTeX Graphics (DPC,SPQR)

(/usr/share/texlive/texmf-dist/tex/latex/graphics/trig.sty
Package: trig 2016/01/03 v1.10 sin cos tan (DPC)
)
(/usr/share/texlive/texmf-dist/tex/latex/graphics-cfg/graphics.cfg
File: graphics.cfg 2016/06/04 v1.11 sample graphics configuration
)
Package graphics Info: Driver file: dvips.def on input line 105.

(/usr/share/texlive/texmf-dist/tex/latex/graphics-def/dvips.def
File: dvips.def 2017/06/20 v3.1d Graphics/color driver for dvips
))
\Gin@req@height=\dimen135
\Gin@req@width=\dimen136
)
(/usr/share/texlive/texmf-dist/tex/latex/psnfss/times.sty
Package: times 2005/04/12 PSNFSS-v9.2a (SPQR) 
)
(/usr/share/texlive/texmf-dist/tex/latex/graphics/rotating.sty
Package: rotating 2016/08/11 v2.16d rotated objects in LaTeX

(/usr/share/texlive/texmf-dist/tex/latex/base/ifthen.sty
Package: ifthen 2014/09/29 v1.1c Standard LaTeX ifthen package (DPC)
)
\c@r@tfl@t=\count175
\rotFPtop=\skip49
\rotFPbot=\skip50
\rot@float@box=\box45
\rot@mess@toks=\toks15
)
(/usr/share/texlive/texmf-dist/tex/latex/tools/array.sty
Package: array 2019/08/31 v2.4l Tabular extension package (FMi)
\col@sep=\dimen137
\ar@mcellbox=\box46
\extrarowheight=\dimen138
\NC@list=\toks16
\extratabsurround=\skip51
\backup@length=\skip52
\ar@cellbox=\box47
)
(/usr/share/texlive/texmf-dist/tex/latex/floatrow/floatrow.sty
Package: floatrow 2008/08/02 v0.3b floatrow: float package extension

(/usr/share/texlive/texmf-dist/tex/latex/caption/caption3.sty
Package: caption3 2020/01/03 v1.8h caption3 kernel (AR)
Package caption3 Info: TeX engine: e-TeX on input line 61.
\captionmargin=\dimen139
\captionmargin@=\dimen140
\captionwidth=\dimen141
\caption@tempdima=\dimen142
\caption@indent=\dimen143
\caption@parindent=\dimen144
\caption@hangindent=\dimen145
Package caption Info: Standard document class detected.
)
\c@float@type=\count176
\float@exts=\toks17
\float@box=\box48
\@floatcapt=\box49
Package floatrow Info: Modified float package code loaded on input line 455.
Package floatrow Info: Modified rotfloat package code loaded on input line 473.

\FR@everyfloat=\toks18
\flrow@foot=\insert199
\FB@wd=\dimen146
\FBo@wd=\dimen147
\FBc@wd=\dimen148
\FBo@ht=\skip53
\FBc@ht=\skip54
\FBf@ht=\skip55
\FBo@max=\skip56
\FBc@max=\skip57
\FBf@max=\skip58
\c@FBl@b=\count177
\floatbox@depth=\count178
\c@FRobj=\count179
\c@FRsobj=\count180
\Xhsize=\skip59
\sXhsize=\skip60
\Zhsize=\skip61
\sZhsize=\skip62
\flrow@rowbox=\box50
\FR@Zunitlength=\dimen149
\c@FBcnt=\count181
\FPOScnt=\count182
\LTleft=\skip63
\LTright=\skip64
\LTleft=\skip65
\LTright=\skip66
\flrow@types=\toks19
)
(/usr/share/texlive/texmf-dist/tex/latex/floatrow/fr-subfig.sty
Package: fr-subfig 2007/12/24 v0.1g (beta) floatrow: additions for subfig


Package fr-subfig Warning: The additions cooperated with 
(fr-subfig)                version `2005/06/28 ver: 1.3' of package subfig,
(fr-subfig)                but only version
(fr-subfig)                \ver@subfig.sty '
(fr-subfig)                is available on input line 34.

\FBsc@max=\skip67
\FBso@max=\skip68
) (/usr/share/texlive/texmf-dist/tex/latex/caption/subcaption.sty
Package: subcaption 2020/01/22 v1.3d Sub-captions (AR)

(/usr/share/texlive/texmf-dist/tex/latex/caption/caption.sty
Package: caption 2020/01/03 v3.4h Customizing captions (AR)
\c@caption@flags=\count183
\c@continuedfloat=\count184
Package caption Info: float package is loaded.
Package caption Info: floatrow package is loaded.
Package caption Info: rotating package is loaded.
)
\c@subfigure=\count185
\c@subtable=\count186
)
(/usr/share/texlive/texmf-dist/tex/latex/geometry/geometry.sty
Package: geometry 2020/01/02 v5.9 Page Geometry

(/usr/share/texlive/texmf-dist/tex/generic/iftex/ifvtex.sty
Package: ifvtex 2019/10/25 v1.7 ifvtex legacy package. Use iftex instead.

(/usr/share/texlive/texmf-dist/tex/generic/iftex/iftex.sty
Package: iftex 2019/11/07 v1.0c TeX engine tests
))
\Gm@cnth=\count187
\Gm@cntv=\count188
\c@Gm@tempcnt=\count189
\Gm@bindingoffset=\dimen150
\Gm@wd@mp=\dimen151
\Gm@odd@mp=\dimen152
\Gm@even@mp=\dimen153
\Gm@layoutwidth=\dimen154
\Gm@layoutheight=\dimen155
\Gm@layouthoffset=\dimen156
\Gm@layoutvoffset=\dimen157
\Gm@dimlist=\toks20
)
(/usr/share/texlive/texmf-dist/tex/latex/l3backend/l3backend-dvips.def
File: l3backend-dvips.def 2020-02-03 L3 backend support: dvips
\l__pdf_internal_box=\box51
\g__pdf_backend_object_int=\count190
\l__pdf_backend_content_box=\box52
\l__pdf_backend_model_box=\box53
\g__pdf_backend_annotation_int=\count191
\g__pdf_backend_link_int=\count192
\g__pdf_backend_link_sf_int=\count193
)
(./gpm_cmip6_temporal_autocorr_daily.aux)
\openout1 = `gpm_cmip6_temporal_autocorr_daily.aux'.

LaTeX Font Info:    Checking defaults for OML/cmm/m/it on input line 13.
LaTeX Font Info:    ... okay on input line 13.
LaTeX Font Info:    Checking defaults for OMS/cmsy/m/n on input line 13.
LaTeX Font Info:    ... okay on input line 13.
LaTeX Font Info:    Checking defaults for OT1/cmr/m/n on input line 13.
LaTeX Font Info:    ... okay on input line 13.
LaTeX Font Info:    Checking defaults for T1/cmr/m/n on input line 13.
LaTeX Font Info:    ... okay on input line 13.
LaTeX Font Info:    Checking defaults for TS1/cmr/m/n on input line 13.
LaTeX Font Info:    ... okay on input line 13.
LaTeX Font Info:    Checking defaults for OMX/cmex/m/n on input line 13.
LaTeX Font Info:    ... okay on input line 13.
LaTeX Font Info:    Checking defaults for U/cmr/m/n on input line 13.
LaTeX Font Info:    ... okay on input line 13.
LaTeX Font Info:    Trying to load font information for OT1+ptm on input line 1
3.

(/usr/share/texlive/texmf-dist/tex/latex/psnfss/ot1ptm.fd
File: ot1ptm.fd 2001/06/04 font definitions for OT1/ptm.
)
Package caption Info: Begin \AtBeginDocument code.
Package caption Info: End \AtBeginDocument code.

(/usr/share/texlive/texmf-dist/tex/latex/graphics/color.sty
Package: color 2019/11/23 v1.2a Standard LaTeX Color (DPC)

(/usr/share/texlive/texmf-dist/tex/latex/graphics-cfg/color.cfg
File: color.cfg 2016/01/02 v1.6 sample color configuration
)
Package color Info: Driver file: dvips.def on input line 147.

(/usr/share/texlive/texmf-dist/tex/latex/graphics/dvipsnam.def
File: dvipsnam.def 2016/06/17 v3.0m Driver-dependent file (DPC,SPQR)
))
*geometry* driver: auto-detecting
*geometry* detected driver: dvips
*geometry* verbose mode - [ preamble ] result:
* driver: dvips
* paper: a4paper
* layout: <same size as paper>
* layoutoffset:(h,v)=(0.0pt,0.0pt)
* modes: 
* h-part:(L,W,R)=(42.67912pt, 512.14963pt, 42.67912pt)
* v-part:(T,H,B)=(42.67912pt, 759.6886pt, 42.67912pt)
* \paperwidth=597.50787pt
* \paperheight=845.04684pt
* \textwidth=512.14963pt
* \textheight=759.6886pt
* \oddsidemargin=-29.59087pt
* \evensidemargin=-29.59087pt
* \topmargin=-66.59087pt
* \headheight=12.0pt
* \headsep=25.0pt
* \topskip=11.0pt
* \footskip=30.0pt
* \marginparwidth=50.0pt
* \marginparsep=10.0pt
* \columnsep=10.0pt
* \skip\footins=10.0pt plus 4.0pt minus 2.0pt
* \hoffset=0.0pt
* \voffset=0.0pt
* \mag=1000
* \@twocolumnfalse
* \@twosidefalse
* \@mparswitchfalse
* \@reversemarginfalse
* (1in=72.27pt=25.4mm, 1cm=28.453pt)

File: ./asop_coherence_global_temporal_IMERG-3B-V06_daily_3x3_autocorr_threshol
d0.5.eps Graphic file (type eps)

<./asop_coherence_global_temporal_IMERG-3B-V06_daily_3x3_autocorr_threshold0.5.
eps>
File: ./asop_coherence_global_temporal_IMERG-3B-V06_daily_3x3_autocorr_threshol
d0.5.eps Graphic file (type eps)

<./asop_coherence_global_temporal_IMERG-3B-V06_daily_3x3_autocorr_threshold0.5.
eps>
File: ./asop_coherence_global_temporal_IMERG-3B-V06_daily_3x3_autocorr_threshol
d0.5.eps Graphic file (type eps)

<./asop_coherence_global_temporal_IMERG-3B-V06_daily_3x3_autocorr_threshold0.5.
eps>
File: ./asop_coherence_global_temporal_ACCESS_daily_3x3-minus-IMERG-3B-V06_dail
y_3x3_autocorr_threshold0.5.eps Graphic file (type eps)

<./asop_coherence_global_temporal_ACCESS_daily_3x3-minus-IMERG-3B-V06_daily_3x3
_autocorr_threshold0.5.eps>
File: ./asop_coherence_global_temporal_ACCESS_daily_3x3-minus-IMERG-3B-V06_dail
y_3x3_autocorr_threshold0.5.eps Graphic file (type eps)

<./asop_coherence_global_temporal_ACCESS_daily_3x3-minus-IMERG-3B-V06_daily_3x3
_autocorr_threshold0.5.eps>
File: ./asop_coherence_global_temporal_ACCESS_daily_3x3-minus-IMERG-3B-V06_dail
y_3x3_autocorr_threshold0.5.eps Graphic file (type eps)

<./asop_coherence_global_temporal_ACCESS_daily_3x3-minus-IMERG-3B-V06_daily_3x3
_autocorr_threshold0.5.eps>
File: ./asop_coherence_global_temporal_AWI_daily_3x3-minus-IMERG-3B-V06_daily_3
x3_autocorr_threshold0.5.eps Graphic file (type eps)

<./asop_coherence_global_temporal_AWI_daily_3x3-minus-IMERG-3B-V06_daily_3x3_au
tocorr_threshold0.5.eps>
File: ./asop_coherence_global_temporal_AWI_daily_3x3-minus-IMERG-3B-V06_daily_3
x3_autocorr_threshold0.5.eps Graphic file (type eps)

<./asop_coherence_global_temporal_AWI_daily_3x3-minus-IMERG-3B-V06_daily_3x3_au
tocorr_threshold0.5.eps>
File: ./asop_coherence_global_temporal_AWI_daily_3x3-minus-IMERG-3B-V06_daily_3
x3_autocorr_threshold0.5.eps Graphic file (type eps)

<./asop_coherence_global_temporal_AWI_daily_3x3-minus-IMERG-3B-V06_daily_3x3_au
tocorr_threshold0.5.eps>
File: ./asop_coherence_global_temporal_IMERG-3B-V06_daily_3x3_autocorr_threshol
d0.5.eps Graphic file (type eps)

<./asop_coherence_global_temporal_IMERG-3B-V06_daily_3x3_autocorr_threshold0.5.
eps>
File: ./asop_coherence_global_temporal_IMERG-3B-V06_daily_3x3_autocorr_threshol
d0.5.eps Graphic file (type eps)

<./asop_coherence_global_temporal_IMERG-3B-V06_daily_3x3_autocorr_threshold0.5.
eps>
File: ./asop_coherence_global_temporal_IMERG-3B-V06_daily_3x3_autocorr_threshol
d0.5.eps Graphic file (type eps)

<./asop_coherence_global_temporal_IMERG-3B-V06_daily_3x3_autocorr_threshold0.5.
eps>
File: ./asop_coherence_global_temporal_ACCESS_daily_3x3-minus-IMERG-3B-V06_dail
y_3x3_autocorr_threshold0.5.eps Graphic file (type eps)

<./asop_coherence_global_temporal_ACCESS_daily_3x3-minus-IMERG-3B-V06_daily_3x3
_autocorr_threshold0.5.eps>
File: ./asop_coherence_global_temporal_ACCESS_daily_3x3-minus-IMERG-3B-V06_dail
y_3x3_autocorr_threshold0.5.eps Graphic file (type eps)

<./asop_coherence_global_temporal_ACCESS_daily_3x3-minus-IMERG-3B-V06_daily_3x3
_autocorr_threshold0.5.eps>
File: ./asop_coherence_global_temporal_ACCESS_daily_3x3-minus-IMERG-3B-V06_dail
y_3x3_autocorr_threshold0.5.eps Graphic file (type eps)

<./asop_coherence_global_temporal_ACCESS_daily_3x3-minus-IMERG-3B-V06_daily_3x3
_autocorr_threshold0.5.eps>
File: ./asop_coherence_global_temporal_AWI_daily_3x3-minus-IMERG-3B-V06_daily_3
x3_autocorr_threshold0.5.eps Graphic file (type eps)

<./asop_coherence_global_temporal_AWI_daily_3x3-minus-IMERG-3B-V06_daily_3x3_au
tocorr_threshold0.5.eps>
File: ./asop_coherence_global_temporal_AWI_daily_3x3-minus-IMERG-3B-V06_daily_3
x3_autocorr_threshold0.5.eps Graphic file (type eps)

<./asop_coherence_global_temporal_AWI_daily_3x3-minus-IMERG-3B-V06_daily_3x3_au
tocorr_threshold0.5.eps>
File: ./asop_coherence_global_temporal_AWI_daily_3x3-minus-IMERG-3B-V06_daily_3
x3_autocorr_threshold0.5.eps Graphic file (type eps)

<./asop_coherence_global_temporal_AWI_daily_3x3-minus-IMERG-3B-V06_daily_3x3_au
tocorr_threshold0.5.eps>
Overfull \hbox (12.22762pt too wide) in paragraph at lines 21--21
 [][] 
 []

File: ./asop_coherence_global_temporal_IMERG-3B-V06_daily_3x3_autocorr_threshol
d0.5.eps Graphic file (type eps)

<./asop_coherence_global_temporal_IMERG-3B-V06_daily_3x3_autocorr_threshold0.5.
eps>
File: ./asop_coherence_global_temporal_IMERG-3B-V06_daily_3x3_autocorr_threshol
d0.5.eps Graphic file (type eps)

<./asop_coherence_global_temporal_IMERG-3B-V06_daily_3x3_autocorr_threshold0.5.
eps>
File: ./asop_coherence_global_temporal_IMERG-3B-V06_daily_3x3_autocorr_threshol
d0.5.eps Graphic file (type eps)

<./asop_coherence_global_temporal_IMERG-3B-V06_daily_3x3_autocorr_threshold0.5.
eps>
File: ./asop_coherence_global_temporal_ACCESS_daily_3x3-minus-IMERG-3B-V06_dail
y_3x3_autocorr_threshold0.5.eps Graphic file (type eps)

<./asop_coherence_global_temporal_ACCESS_daily_3x3-minus-IMERG-3B-V06_daily_3x3
_autocorr_threshold0.5.eps>
File: ./asop_coherence_global_temporal_ACCESS_daily_3x3-minus-IMERG-3B-V06_dail
y_3x3_autocorr_threshold0.5.eps Graphic file (type eps)

<./asop_coherence_global_temporal_ACCESS_daily_3x3-minus-IMERG-3B-V06_daily_3x3
_autocorr_threshold0.5.eps>
File: ./asop_coherence_global_temporal_ACCESS_daily_3x3-minus-IMERG-3B-V06_dail
y_3x3_autocorr_threshold0.5.eps Graphic file (type eps)

<./asop_coherence_global_temporal_ACCESS_daily_3x3-minus-IMERG-3B-V06_daily_3x3
_autocorr_threshold0.5.eps>
File: ./asop_coherence_global_temporal_AWI_daily_3x3-minus-IMERG-3B-V06_daily_3
x3_autocorr_threshold0.5.eps Graphic file (type eps)

<./asop_coherence_global_temporal_AWI_daily_3x3-minus-IMERG-3B-V06_daily_3x3_au
tocorr_threshold0.5.eps>
File: ./asop_coherence_global_temporal_AWI_daily_3x3-minus-IMERG-3B-V06_daily_3
x3_autocorr_threshold0.5.eps Graphic file (type eps)

<./asop_coherence_global_temporal_AWI_daily_3x3-minus-IMERG-3B-V06_daily_3x3_au
tocorr_threshold0.5.eps>
File: ./asop_coherence_global_temporal_AWI_daily_3x3-minus-IMERG-3B-V06_daily_3
x3_autocorr_threshold0.5.eps Graphic file (type eps)

<./asop_coherence_global_temporal_AWI_daily_3x3-minus-IMERG-3B-V06_daily_3x3_au
tocorr_threshold0.5.eps>
File: ./asop_coherence_global_temporal_IMERG-3B-V06_daily_3x3_autocorr_threshol
d0.5.eps Graphic file (type eps)

<./asop_coherence_global_temporal_IMERG-3B-V06_daily_3x3_autocorr_threshold0.5.
eps>
File: ./asop_coherence_global_temporal_IMERG-3B-V06_daily_3x3_autocorr_threshol
d0.5.eps Graphic file (type eps)

<./asop_coherence_global_temporal_IMERG-3B-V06_daily_3x3_autocorr_threshold0.5.
eps>
File: ./asop_coherence_global_temporal_IMERG-3B-V06_daily_3x3_autocorr_threshol
d0.5.eps Graphic file (type eps)

<./asop_coherence_global_temporal_IMERG-3B-V06_daily_3x3_autocorr_threshold0.5.
eps>
File: ./asop_coherence_global_temporal_ACCESS_daily_3x3-minus-IMERG-3B-V06_dail
y_3x3_autocorr_threshold0.5.eps Graphic file (type eps)

<./asop_coherence_global_temporal_ACCESS_daily_3x3-minus-IMERG-3B-V06_daily_3x3
_autocorr_threshold0.5.eps>
File: ./asop_coherence_global_temporal_ACCESS_daily_3x3-minus-IMERG-3B-V06_dail
y_3x3_autocorr_threshold0.5.eps Graphic file (type eps)

<./asop_coherence_global_temporal_ACCESS_daily_3x3-minus-IMERG-3B-V06_daily_3x3
_autocorr_threshold0.5.eps>
File: ./asop_coherence_global_temporal_ACCESS_daily_3x3-minus-IMERG-3B-V06_dail
y_3x3_autocorr_threshold0.5.eps Graphic file (type eps)

<./asop_coherence_global_temporal_ACCESS_daily_3x3-minus-IMERG-3B-V06_daily_3x3
_autocorr_threshold0.5.eps>
File: ./asop_coherence_global_temporal_AWI_daily_3x3-minus-IMERG-3B-V06_daily_3
x3_autocorr_threshold0.5.eps Graphic file (type eps)

<./asop_coherence_global_temporal_AWI_daily_3x3-minus-IMERG-3B-V06_daily_3x3_au
tocorr_threshold0.5.eps>
File: ./asop_coherence_global_temporal_AWI_daily_3x3-minus-IMERG-3B-V06_daily_3
x3_autocorr_threshold0.5.eps Graphic file (type eps)

<./asop_coherence_global_temporal_AWI_daily_3x3-minus-IMERG-3B-V06_daily_3x3_au
tocorr_threshold0.5.eps>
File: ./asop_coherence_global_temporal_AWI_daily_3x3-minus-IMERG-3B-V06_daily_3
x3_autocorr_threshold0.5.eps Graphic file (type eps)

<./asop_coherence_global_temporal_AWI_daily_3x3-minus-IMERG-3B-V06_daily_3x3_au
tocorr_threshold0.5.eps>
Overfull \hbox (2.22762pt too wide) in paragraph at lines 21--21
 [][] 
 []

File: ./asop_coherence_global_temporal_BCC_daily_3x3-minus-IMERG-3B-V06_daily_3
x3_autocorr_threshold0.5.eps Graphic file (type eps)

<./asop_coherence_global_temporal_BCC_daily_3x3-minus-IMERG-3B-V06_daily_3x3_au
tocorr_threshold0.5.eps>
File: ./asop_coherence_global_temporal_BCC_daily_3x3-minus-IMERG-3B-V06_daily_3
x3_autocorr_threshold0.5.eps Graphic file (type eps)

<./asop_coherence_global_temporal_BCC_daily_3x3-minus-IMERG-3B-V06_daily_3x3_au
tocorr_threshold0.5.eps>
File: ./asop_coherence_global_temporal_BCC_daily_3x3-minus-IMERG-3B-V06_daily_3
x3_autocorr_threshold0.5.eps Graphic file (type eps)

<./asop_coherence_global_temporal_BCC_daily_3x3-minus-IMERG-3B-V06_daily_3x3_au
tocorr_threshold0.5.eps>
File: ./asop_coherence_global_temporal_FGOALS_daily_3x3-minus-IMERG-3B-V06_dail
y_3x3_autocorr_threshold0.5.eps Graphic file (type eps)

<./asop_coherence_global_temporal_FGOALS_daily_3x3-minus-IMERG-3B-V06_daily_3x3
_autocorr_threshold0.5.eps>
File: ./asop_coherence_global_temporal_FGOALS_daily_3x3-minus-IMERG-3B-V06_dail
y_3x3_autocorr_threshold0.5.eps Graphic file (type eps)

<./asop_coherence_global_temporal_FGOALS_daily_3x3-minus-IMERG-3B-V06_daily_3x3
_autocorr_threshold0.5.eps>
File: ./asop_coherence_global_temporal_FGOALS_daily_3x3-minus-IMERG-3B-V06_dail
y_3x3_autocorr_threshold0.5.eps Graphic file (type eps)

<./asop_coherence_global_temporal_FGOALS_daily_3x3-minus-IMERG-3B-V06_daily_3x3
_autocorr_threshold0.5.eps>
File: ./asop_coherence_global_temporal_GISS_daily_3x3-minus-IMERG-3B-V06_daily_
3x3_autocorr_threshold0.5.eps Graphic file (type eps)

<./asop_coherence_global_temporal_GISS_daily_3x3-minus-IMERG-3B-V06_daily_3x3_a
utocorr_threshold0.5.eps>
File: ./asop_coherence_global_temporal_GISS_daily_3x3-minus-IMERG-3B-V06_daily_
3x3_autocorr_threshold0.5.eps Graphic file (type eps)

<./asop_coherence_global_temporal_GISS_daily_3x3-minus-IMERG-3B-V06_daily_3x3_a
utocorr_threshold0.5.eps>
File: ./asop_coherence_global_temporal_GISS_daily_3x3-minus-IMERG-3B-V06_daily_
3x3_autocorr_threshold0.5.eps Graphic file (type eps)

<./asop_coherence_global_temporal_GISS_daily_3x3-minus-IMERG-3B-V06_daily_3x3_a
utocorr_threshold0.5.eps>
File: ./asop_coherence_global_temporal_BCC_daily_3x3-minus-IMERG-3B-V06_daily_3
x3_autocorr_threshold0.5.eps Graphic file (type eps)

<./asop_coherence_global_temporal_BCC_daily_3x3-minus-IMERG-3B-V06_daily_3x3_au
tocorr_threshold0.5.eps>
File: ./asop_coherence_global_temporal_BCC_daily_3x3-minus-IMERG-3B-V06_daily_3
x3_autocorr_threshold0.5.eps Graphic file (type eps)

<./asop_coherence_global_temporal_BCC_daily_3x3-minus-IMERG-3B-V06_daily_3x3_au
tocorr_threshold0.5.eps>
File: ./asop_coherence_global_temporal_BCC_daily_3x3-minus-IMERG-3B-V06_daily_3
x3_autocorr_threshold0.5.eps Graphic file (type eps)

<./asop_coherence_global_temporal_BCC_daily_3x3-minus-IMERG-3B-V06_daily_3x3_au
tocorr_threshold0.5.eps>
File: ./asop_coherence_global_temporal_FGOALS_daily_3x3-minus-IMERG-3B-V06_dail
y_3x3_autocorr_threshold0.5.eps Graphic file (type eps)

<./asop_coherence_global_temporal_FGOALS_daily_3x3-minus-IMERG-3B-V06_daily_3x3
_autocorr_threshold0.5.eps>
File: ./asop_coherence_global_temporal_FGOALS_daily_3x3-minus-IMERG-3B-V06_dail
y_3x3_autocorr_threshold0.5.eps Graphic file (type eps)

<./asop_coherence_global_temporal_FGOALS_daily_3x3-minus-IMERG-3B-V06_daily_3x3
_autocorr_threshold0.5.eps>
File: ./asop_coherence_global_temporal_FGOALS_daily_3x3-minus-IMERG-3B-V06_dail
y_3x3_autocorr_threshold0.5.eps Graphic file (type eps)

<./asop_coherence_global_temporal_FGOALS_daily_3x3-minus-IMERG-3B-V06_daily_3x3
_autocorr_threshold0.5.eps>
File: ./asop_coherence_global_temporal_GISS_daily_3x3-minus-IMERG-3B-V06_daily_
3x3_autocorr_threshold0.5.eps Graphic file (type eps)

<./asop_coherence_global_temporal_GISS_daily_3x3-minus-IMERG-3B-V06_daily_3x3_a
utocorr_threshold0.5.eps>
File: ./asop_coherence_global_temporal_GISS_daily_3x3-minus-IMERG-3B-V06_daily_
3x3_autocorr_threshold0.5.eps Graphic file (type eps)

<./asop_coherence_global_temporal_GISS_daily_3x3-minus-IMERG-3B-V06_daily_3x3_a
utocorr_threshold0.5.eps>
File: ./asop_coherence_global_temporal_GISS_daily_3x3-minus-IMERG-3B-V06_daily_
3x3_autocorr_threshold0.5.eps Graphic file (type eps)

<./asop_coherence_global_temporal_GISS_daily_3x3-minus-IMERG-3B-V06_daily_3x3_a
utocorr_threshold0.5.eps>
Overfull \hbox (19.49013pt too wide) in paragraph at lines 26--26
 [][] 
 []

File: ./asop_coherence_global_temporal_BCC_daily_3x3-minus-IMERG-3B-V06_daily_3
x3_autocorr_threshold0.5.eps Graphic file (type eps)

<./asop_coherence_global_temporal_BCC_daily_3x3-minus-IMERG-3B-V06_daily_3x3_au
tocorr_threshold0.5.eps>
File: ./asop_coherence_global_temporal_BCC_daily_3x3-minus-IMERG-3B-V06_daily_3
x3_autocorr_threshold0.5.eps Graphic file (type eps)

<./asop_coherence_global_temporal_BCC_daily_3x3-minus-IMERG-3B-V06_daily_3x3_au
tocorr_threshold0.5.eps>
File: ./asop_coherence_global_temporal_BCC_daily_3x3-minus-IMERG-3B-V06_daily_3
x3_autocorr_threshold0.5.eps Graphic file (type eps)

<./asop_coherence_global_temporal_BCC_daily_3x3-minus-IMERG-3B-V06_daily_3x3_au
tocorr_threshold0.5.eps>
File: ./asop_coherence_global_temporal_FGOALS_daily_3x3-minus-IMERG-3B-V06_dail
y_3x3_autocorr_threshold0.5.eps Graphic file (type eps)

<./asop_coherence_global_temporal_FGOALS_daily_3x3-minus-IMERG-3B-V06_daily_3x3
_autocorr_threshold0.5.eps>
File: ./asop_coherence_global_temporal_FGOALS_daily_3x3-minus-IMERG-3B-V06_dail
y_3x3_autocorr_threshold0.5.eps Graphic file (type eps)

<./asop_coherence_global_temporal_FGOALS_daily_3x3-minus-IMERG-3B-V06_daily_3x3
_autocorr_threshold0.5.eps>
File: ./asop_coherence_global_temporal_FGOALS_daily_3x3-minus-IMERG-3B-V06_dail
y_3x3_autocorr_threshold0.5.eps Graphic file (type eps)

<./asop_coherence_global_temporal_FGOALS_daily_3x3-minus-IMERG-3B-V06_daily_3x3
_autocorr_threshold0.5.eps>
File: ./asop_coherence_global_temporal_GISS_daily_3x3-minus-IMERG-3B-V06_daily_
3x3_autocorr_threshold0.5.eps Graphic file (type eps)

<./asop_coherence_global_temporal_GISS_daily_3x3-minus-IMERG-3B-V06_daily_3x3_a
utocorr_threshold0.5.eps>
File: ./asop_coherence_global_temporal_GISS_daily_3x3-minus-IMERG-3B-V06_daily_
3x3_autocorr_threshold0.5.eps Graphic file (type eps)

<./asop_coherence_global_temporal_GISS_daily_3x3-minus-IMERG-3B-V06_daily_3x3_a
utocorr_threshold0.5.eps>
File: ./asop_coherence_global_temporal_GISS_daily_3x3-minus-IMERG-3B-V06_daily_
3x3_autocorr_threshold0.5.eps Graphic file (type eps)

<./asop_coherence_global_temporal_GISS_daily_3x3-minus-IMERG-3B-V06_daily_3x3_a
utocorr_threshold0.5.eps>
File: ./asop_coherence_global_temporal_BCC_daily_3x3-minus-IMERG-3B-V06_daily_3
x3_autocorr_threshold0.5.eps Graphic file (type eps)

<./asop_coherence_global_temporal_BCC_daily_3x3-minus-IMERG-3B-V06_daily_3x3_au
tocorr_threshold0.5.eps>
File: ./asop_coherence_global_temporal_BCC_daily_3x3-minus-IMERG-3B-V06_daily_3
x3_autocorr_threshold0.5.eps Graphic file (type eps)

<./asop_coherence_global_temporal_BCC_daily_3x3-minus-IMERG-3B-V06_daily_3x3_au
tocorr_threshold0.5.eps>
File: ./asop_coherence_global_temporal_BCC_daily_3x3-minus-IMERG-3B-V06_daily_3
x3_autocorr_threshold0.5.eps Graphic file (type eps)

<./asop_coherence_global_temporal_BCC_daily_3x3-minus-IMERG-3B-V06_daily_3x3_au
tocorr_threshold0.5.eps>
File: ./asop_coherence_global_temporal_FGOALS_daily_3x3-minus-IMERG-3B-V06_dail
y_3x3_autocorr_threshold0.5.eps Graphic file (type eps)

<./asop_coherence_global_temporal_FGOALS_daily_3x3-minus-IMERG-3B-V06_daily_3x3
_autocorr_threshold0.5.eps>
File: ./asop_coherence_global_temporal_FGOALS_daily_3x3-minus-IMERG-3B-V06_dail
y_3x3_autocorr_threshold0.5.eps Graphic file (type eps)

<./asop_coherence_global_temporal_FGOALS_daily_3x3-minus-IMERG-3B-V06_daily_3x3
_autocorr_threshold0.5.eps>
File: ./asop_coherence_global_temporal_FGOALS_daily_3x3-minus-IMERG-3B-V06_dail
y_3x3_autocorr_threshold0.5.eps Graphic file (type eps)

<./asop_coherence_global_temporal_FGOALS_daily_3x3-minus-IMERG-3B-V06_daily_3x3
_autocorr_threshold0.5.eps>
File: ./asop_coherence_global_temporal_GISS_daily_3x3-minus-IMERG-3B-V06_daily_
3x3_autocorr_threshold0.5.eps Graphic file (type eps)

<./asop_coherence_global_temporal_GISS_daily_3x3-minus-IMERG-3B-V06_daily_3x3_a
utocorr_threshold0.5.eps>
File: ./asop_coherence_global_temporal_GISS_daily_3x3-minus-IMERG-3B-V06_daily_
3x3_autocorr_threshold0.5.eps Graphic file (type eps)

<./asop_coherence_global_temporal_GISS_daily_3x3-minus-IMERG-3B-V06_daily_3x3_a
utocorr_threshold0.5.eps>
File: ./asop_coherence_global_temporal_GISS_daily_3x3-minus-IMERG-3B-V06_daily_
3x3_autocorr_threshold0.5.eps Graphic file (type eps)

<./asop_coherence_global_temporal_GISS_daily_3x3-minus-IMERG-3B-V06_daily_3x3_a
utocorr_threshold0.5.eps>
Overfull \hbox (9.49013pt too wide) in paragraph at lines 26--26
 [][] 
 []

File: ./asop_coherence_global_temporal_MIROC_daily_3x3-minus-IMERG-3B-V06_daily
_3x3_autocorr_threshold0.5.eps Graphic file (type eps)

<./asop_coherence_global_temporal_MIROC_daily_3x3-minus-IMERG-3B-V06_daily_3x3_
autocorr_threshold0.5.eps>
File: ./asop_coherence_global_temporal_MIROC_daily_3x3-minus-IMERG-3B-V06_daily
_3x3_autocorr_threshold0.5.eps Graphic file (type eps)

<./asop_coherence_global_temporal_MIROC_daily_3x3-minus-IMERG-3B-V06_daily_3x3_
autocorr_threshold0.5.eps>
File: ./asop_coherence_global_temporal_MIROC_daily_3x3-minus-IMERG-3B-V06_daily
_3x3_autocorr_threshold0.5.eps Graphic file (type eps)

<./asop_coherence_global_temporal_MIROC_daily_3x3-minus-IMERG-3B-V06_daily_3x3_
autocorr_threshold0.5.eps>
File: ./asop_coherence_global_temporal_MPI-ESM_daily_3x3-minus-IMERG-3B-V06_dai
ly_3x3_autocorr_threshold0.5.eps Graphic file (type eps)

<./asop_coherence_global_temporal_MPI-ESM_daily_3x3-minus-IMERG-3B-V06_daily_3x
3_autocorr_threshold0.5.eps>
File: ./asop_coherence_global_temporal_MPI-ESM_daily_3x3-minus-IMERG-3B-V06_dai
ly_3x3_autocorr_threshold0.5.eps Graphic file (type eps)

<./asop_coherence_global_temporal_MPI-ESM_daily_3x3-minus-IMERG-3B-V06_daily_3x
3_autocorr_threshold0.5.eps>
File: ./asop_coherence_global_temporal_MPI-ESM_daily_3x3-minus-IMERG-3B-V06_dai
ly_3x3_autocorr_threshold0.5.eps Graphic file (type eps)

<./asop_coherence_global_temporal_MPI-ESM_daily_3x3-minus-IMERG-3B-V06_daily_3x
3_autocorr_threshold0.5.eps>
File: ./asop_coherence_global_temporal_SAM_daily_3x3-minus-IMERG-3B-V06_daily_3
x3_autocorr_threshold0.5.eps Graphic file (type eps)

<./asop_coherence_global_temporal_SAM_daily_3x3-minus-IMERG-3B-V06_daily_3x3_au
tocorr_threshold0.5.eps>
File: ./asop_coherence_global_temporal_SAM_daily_3x3-minus-IMERG-3B-V06_daily_3
x3_autocorr_threshold0.5.eps Graphic file (type eps)

<./asop_coherence_global_temporal_SAM_daily_3x3-minus-IMERG-3B-V06_daily_3x3_au
tocorr_threshold0.5.eps>
File: ./asop_coherence_global_temporal_SAM_daily_3x3-minus-IMERG-3B-V06_daily_3
x3_autocorr_threshold0.5.eps Graphic file (type eps)

<./asop_coherence_global_temporal_SAM_daily_3x3-minus-IMERG-3B-V06_daily_3x3_au
tocorr_threshold0.5.eps>
File: ./asop_coherence_global_temporal_MIROC_daily_3x3-minus-IMERG-3B-V06_daily
_3x3_autocorr_threshold0.5.eps Graphic file (type eps)

<./asop_coherence_global_temporal_MIROC_daily_3x3-minus-IMERG-3B-V06_daily_3x3_
autocorr_threshold0.5.eps>
File: ./asop_coherence_global_temporal_MIROC_daily_3x3-minus-IMERG-3B-V06_daily
_3x3_autocorr_threshold0.5.eps Graphic file (type eps)

<./asop_coherence_global_temporal_MIROC_daily_3x3-minus-IMERG-3B-V06_daily_3x3_
autocorr_threshold0.5.eps>
File: ./asop_coherence_global_temporal_MIROC_daily_3x3-minus-IMERG-3B-V06_daily
_3x3_autocorr_threshold0.5.eps Graphic file (type eps)

<./asop_coherence_global_temporal_MIROC_daily_3x3-minus-IMERG-3B-V06_daily_3x3_
autocorr_threshold0.5.eps>
File: ./asop_coherence_global_temporal_MPI-ESM_daily_3x3-minus-IMERG-3B-V06_dai
ly_3x3_autocorr_threshold0.5.eps Graphic file (type eps)

<./asop_coherence_global_temporal_MPI-ESM_daily_3x3-minus-IMERG-3B-V06_daily_3x
3_autocorr_threshold0.5.eps>
File: ./asop_coherence_global_temporal_MPI-ESM_daily_3x3-minus-IMERG-3B-V06_dai
ly_3x3_autocorr_threshold0.5.eps Graphic file (type eps)

<./asop_coherence_global_temporal_MPI-ESM_daily_3x3-minus-IMERG-3B-V06_daily_3x
3_autocorr_threshold0.5.eps>
File: ./asop_coherence_global_temporal_MPI-ESM_daily_3x3-minus-IMERG-3B-V06_dai
ly_3x3_autocorr_threshold0.5.eps Graphic file (type eps)

<./asop_coherence_global_temporal_MPI-ESM_daily_3x3-minus-IMERG-3B-V06_daily_3x
3_autocorr_threshold0.5.eps>
File: ./asop_coherence_global_temporal_SAM_daily_3x3-minus-IMERG-3B-V06_daily_3
x3_autocorr_threshold0.5.eps Graphic file (type eps)

<./asop_coherence_global_temporal_SAM_daily_3x3-minus-IMERG-3B-V06_daily_3x3_au
tocorr_threshold0.5.eps>
File: ./asop_coherence_global_temporal_SAM_daily_3x3-minus-IMERG-3B-V06_daily_3
x3_autocorr_threshold0.5.eps Graphic file (type eps)

<./asop_coherence_global_temporal_SAM_daily_3x3-minus-IMERG-3B-V06_daily_3x3_au
tocorr_threshold0.5.eps>
File: ./asop_coherence_global_temporal_SAM_daily_3x3-minus-IMERG-3B-V06_daily_3
x3_autocorr_threshold0.5.eps Graphic file (type eps)

<./asop_coherence_global_temporal_SAM_daily_3x3-minus-IMERG-3B-V06_daily_3x3_au
tocorr_threshold0.5.eps>
Overfull \hbox (25.84132pt too wide) in paragraph at lines 32--32
 [][] 
 []

File: ./asop_coherence_global_temporal_MIROC_daily_3x3-minus-IMERG-3B-V06_daily
_3x3_autocorr_threshold0.5.eps Graphic file (type eps)

<./asop_coherence_global_temporal_MIROC_daily_3x3-minus-IMERG-3B-V06_daily_3x3_
autocorr_threshold0.5.eps>
File: ./asop_coherence_global_temporal_MIROC_daily_3x3-minus-IMERG-3B-V06_daily
_3x3_autocorr_threshold0.5.eps Graphic file (type eps)

<./asop_coherence_global_temporal_MIROC_daily_3x3-minus-IMERG-3B-V06_daily_3x3_
autocorr_threshold0.5.eps>
File: ./asop_coherence_global_temporal_MIROC_daily_3x3-minus-IMERG-3B-V06_daily
_3x3_autocorr_threshold0.5.eps Graphic file (type eps)

<./asop_coherence_global_temporal_MIROC_daily_3x3-minus-IMERG-3B-V06_daily_3x3_
autocorr_threshold0.5.eps>
File: ./asop_coherence_global_temporal_MPI-ESM_daily_3x3-minus-IMERG-3B-V06_dai
ly_3x3_autocorr_threshold0.5.eps Graphic file (type eps)

<./asop_coherence_global_temporal_MPI-ESM_daily_3x3-minus-IMERG-3B-V06_daily_3x
3_autocorr_threshold0.5.eps>
File: ./asop_coherence_global_temporal_MPI-ESM_daily_3x3-minus-IMERG-3B-V06_dai
ly_3x3_autocorr_threshold0.5.eps Graphic file (type eps)

<./asop_coherence_global_temporal_MPI-ESM_daily_3x3-minus-IMERG-3B-V06_daily_3x
3_autocorr_threshold0.5.eps>
File: ./asop_coherence_global_temporal_MPI-ESM_daily_3x3-minus-IMERG-3B-V06_dai
ly_3x3_autocorr_threshold0.5.eps Graphic file (type eps)

<./asop_coherence_global_temporal_MPI-ESM_daily_3x3-minus-IMERG-3B-V06_daily_3x
3_autocorr_threshold0.5.eps>
File: ./asop_coherence_global_temporal_SAM_daily_3x3-minus-IMERG-3B-V06_daily_3
x3_autocorr_threshold0.5.eps Graphic file (type eps)

<./asop_coherence_global_temporal_SAM_daily_3x3-minus-IMERG-3B-V06_daily_3x3_au
tocorr_threshold0.5.eps>
File: ./asop_coherence_global_temporal_SAM_daily_3x3-minus-IMERG-3B-V06_daily_3
x3_autocorr_threshold0.5.eps Graphic file (type eps)

<./asop_coherence_global_temporal_SAM_daily_3x3-minus-IMERG-3B-V06_daily_3x3_au
tocorr_threshold0.5.eps>
File: ./asop_coherence_global_temporal_SAM_daily_3x3-minus-IMERG-3B-V06_daily_3
x3_autocorr_threshold0.5.eps Graphic file (type eps)

<./asop_coherence_global_temporal_SAM_daily_3x3-minus-IMERG-3B-V06_daily_3x3_au
tocorr_threshold0.5.eps>
File: ./asop_coherence_global_temporal_MIROC_daily_3x3-minus-IMERG-3B-V06_daily
_3x3_autocorr_threshold0.5.eps Graphic file (type eps)

<./asop_coherence_global_temporal_MIROC_daily_3x3-minus-IMERG-3B-V06_daily_3x3_
autocorr_threshold0.5.eps>
File: ./asop_coherence_global_temporal_MIROC_daily_3x3-minus-IMERG-3B-V06_daily
_3x3_autocorr_threshold0.5.eps Graphic file (type eps)

<./asop_coherence_global_temporal_MIROC_daily_3x3-minus-IMERG-3B-V06_daily_3x3_
autocorr_threshold0.5.eps>
File: ./asop_coherence_global_temporal_MIROC_daily_3x3-minus-IMERG-3B-V06_daily
_3x3_autocorr_threshold0.5.eps Graphic file (type eps)

<./asop_coherence_global_temporal_MIROC_daily_3x3-minus-IMERG-3B-V06_daily_3x3_
autocorr_threshold0.5.eps>
File: ./asop_coherence_global_temporal_MPI-ESM_daily_3x3-minus-IMERG-3B-V06_dai
ly_3x3_autocorr_threshold0.5.eps Graphic file (type eps)

<./asop_coherence_global_temporal_MPI-ESM_daily_3x3-minus-IMERG-3B-V06_daily_3x
3_autocorr_threshold0.5.eps>
File: ./asop_coherence_global_temporal_MPI-ESM_daily_3x3-minus-IMERG-3B-V06_dai
ly_3x3_autocorr_threshold0.5.eps Graphic file (type eps)

<./asop_coherence_global_temporal_MPI-ESM_daily_3x3-minus-IMERG-3B-V06_daily_3x
3_autocorr_threshold0.5.eps>
File: ./asop_coherence_global_temporal_MPI-ESM_daily_3x3-minus-IMERG-3B-V06_dai
ly_3x3_autocorr_threshold0.5.eps Graphic file (type eps)

<./asop_coherence_global_temporal_MPI-ESM_daily_3x3-minus-IMERG-3B-V06_daily_3x
3_autocorr_threshold0.5.eps>
File: ./asop_coherence_global_temporal_SAM_daily_3x3-minus-IMERG-3B-V06_daily_3
x3_autocorr_threshold0.5.eps Graphic file (type eps)

<./asop_coherence_global_temporal_SAM_daily_3x3-minus-IMERG-3B-V06_daily_3x3_au
tocorr_threshold0.5.eps>
File: ./asop_coherence_global_temporal_SAM_daily_3x3-minus-IMERG-3B-V06_daily_3
x3_autocorr_threshold0.5.eps Graphic file (type eps)

<./asop_coherence_global_temporal_SAM_daily_3x3-minus-IMERG-3B-V06_daily_3x3_au
tocorr_threshold0.5.eps>
File: ./asop_coherence_global_temporal_SAM_daily_3x3-minus-IMERG-3B-V06_daily_3
x3_autocorr_threshold0.5.eps Graphic file (type eps)

<./asop_coherence_global_temporal_SAM_daily_3x3-minus-IMERG-3B-V06_daily_3x3_au
tocorr_threshold0.5.eps>
Overfull \hbox (15.84132pt too wide) in paragraph at lines 32--32
 [][] 
 []

File: ./asop_coherence_global_temporal_IMERG-3B-V06_daily_3x3_autocorr_threshol
d0.2.eps Graphic file (type eps)

<./asop_coherence_global_temporal_IMERG-3B-V06_daily_3x3_autocorr_threshold0.2.
eps>
File: ./asop_coherence_global_temporal_IMERG-3B-V06_daily_3x3_autocorr_threshol
d0.2.eps Graphic file (type eps)

<./asop_coherence_global_temporal_IMERG-3B-V06_daily_3x3_autocorr_threshold0.2.
eps>
File: ./asop_coherence_global_temporal_IMERG-3B-V06_daily_3x3_autocorr_threshol
d0.2.eps Graphic file (type eps)

<./asop_coherence_global_temporal_IMERG-3B-V06_daily_3x3_autocorr_threshold0.2.
eps>
File: ./asop_coherence_global_temporal_ACCESS_daily_3x3-minus-IMERG-3B-V06_dail
y_3x3_autocorr_threshold0.2.eps Graphic file (type eps)

<./asop_coherence_global_temporal_ACCESS_daily_3x3-minus-IMERG-3B-V06_daily_3x3
_autocorr_threshold0.2.eps>
File: ./asop_coherence_global_temporal_ACCESS_daily_3x3-minus-IMERG-3B-V06_dail
y_3x3_autocorr_threshold0.2.eps Graphic file (type eps)

<./asop_coherence_global_temporal_ACCESS_daily_3x3-minus-IMERG-3B-V06_daily_3x3
_autocorr_threshold0.2.eps>
File: ./asop_coherence_global_temporal_ACCESS_daily_3x3-minus-IMERG-3B-V06_dail
y_3x3_autocorr_threshold0.2.eps Graphic file (type eps)

<./asop_coherence_global_temporal_ACCESS_daily_3x3-minus-IMERG-3B-V06_daily_3x3
_autocorr_threshold0.2.eps>
File: ./asop_coherence_global_temporal_AWI_daily_3x3-minus-IMERG-3B-V06_daily_3
x3_autocorr_threshold0.2.eps Graphic file (type eps)

<./asop_coherence_global_temporal_AWI_daily_3x3-minus-IMERG-3B-V06_daily_3x3_au
tocorr_threshold0.2.eps>
File: ./asop_coherence_global_temporal_AWI_daily_3x3-minus-IMERG-3B-V06_daily_3
x3_autocorr_threshold0.2.eps Graphic file (type eps)

<./asop_coherence_global_temporal_AWI_daily_3x3-minus-IMERG-3B-V06_daily_3x3_au
tocorr_threshold0.2.eps>
File: ./asop_coherence_global_temporal_AWI_daily_3x3-minus-IMERG-3B-V06_daily_3
x3_autocorr_threshold0.2.eps Graphic file (type eps)

<./asop_coherence_global_temporal_AWI_daily_3x3-minus-IMERG-3B-V06_daily_3x3_au
tocorr_threshold0.2.eps>
File: ./asop_coherence_global_temporal_IMERG-3B-V06_daily_3x3_autocorr_threshol
d0.2.eps Graphic file (type eps)

<./asop_coherence_global_temporal_IMERG-3B-V06_daily_3x3_autocorr_threshold0.2.
eps>
File: ./asop_coherence_global_temporal_IMERG-3B-V06_daily_3x3_autocorr_threshol
d0.2.eps Graphic file (type eps)

<./asop_coherence_global_temporal_IMERG-3B-V06_daily_3x3_autocorr_threshold0.2.
eps>
File: ./asop_coherence_global_temporal_IMERG-3B-V06_daily_3x3_autocorr_threshol
d0.2.eps Graphic file (type eps)

<./asop_coherence_global_temporal_IMERG-3B-V06_daily_3x3_autocorr_threshold0.2.
eps>
File: ./asop_coherence_global_temporal_ACCESS_daily_3x3-minus-IMERG-3B-V06_dail
y_3x3_autocorr_threshold0.2.eps Graphic file (type eps)

<./asop_coherence_global_temporal_ACCESS_daily_3x3-minus-IMERG-3B-V06_daily_3x3
_autocorr_threshold0.2.eps>
File: ./asop_coherence_global_temporal_ACCESS_daily_3x3-minus-IMERG-3B-V06_dail
y_3x3_autocorr_threshold0.2.eps Graphic file (type eps)

<./asop_coherence_global_temporal_ACCESS_daily_3x3-minus-IMERG-3B-V06_daily_3x3
_autocorr_threshold0.2.eps>
File: ./asop_coherence_global_temporal_ACCESS_daily_3x3-minus-IMERG-3B-V06_dail
y_3x3_autocorr_threshold0.2.eps Graphic file (type eps)

<./asop_coherence_global_temporal_ACCESS_daily_3x3-minus-IMERG-3B-V06_daily_3x3
_autocorr_threshold0.2.eps>
File: ./asop_coherence_global_temporal_AWI_daily_3x3-minus-IMERG-3B-V06_daily_3
x3_autocorr_threshold0.2.eps Graphic file (type eps)

<./asop_coherence_global_temporal_AWI_daily_3x3-minus-IMERG-3B-V06_daily_3x3_au
tocorr_threshold0.2.eps>
File: ./asop_coherence_global_temporal_AWI_daily_3x3-minus-IMERG-3B-V06_daily_3
x3_autocorr_threshold0.2.eps Graphic file (type eps)

<./asop_coherence_global_temporal_AWI_daily_3x3-minus-IMERG-3B-V06_daily_3x3_au
tocorr_threshold0.2.eps>
File: ./asop_coherence_global_temporal_AWI_daily_3x3-minus-IMERG-3B-V06_daily_3
x3_autocorr_threshold0.2.eps Graphic file (type eps)

<./asop_coherence_global_temporal_AWI_daily_3x3-minus-IMERG-3B-V06_daily_3x3_au
tocorr_threshold0.2.eps>
Overfull \hbox (12.22762pt too wide) in paragraph at lines 40--40
 [][] 
 []

File: ./asop_coherence_global_temporal_IMERG-3B-V06_daily_3x3_autocorr_threshol
d0.2.eps Graphic file (type eps)

<./asop_coherence_global_temporal_IMERG-3B-V06_daily_3x3_autocorr_threshold0.2.
eps>
File: ./asop_coherence_global_temporal_IMERG-3B-V06_daily_3x3_autocorr_threshol
d0.2.eps Graphic file (type eps)

<./asop_coherence_global_temporal_IMERG-3B-V06_daily_3x3_autocorr_threshold0.2.
eps>
File: ./asop_coherence_global_temporal_IMERG-3B-V06_daily_3x3_autocorr_threshol
d0.2.eps Graphic file (type eps)

<./asop_coherence_global_temporal_IMERG-3B-V06_daily_3x3_autocorr_threshold0.2.
eps>
File: ./asop_coherence_global_temporal_ACCESS_daily_3x3-minus-IMERG-3B-V06_dail
y_3x3_autocorr_threshold0.2.eps Graphic file (type eps)

<./asop_coherence_global_temporal_ACCESS_daily_3x3-minus-IMERG-3B-V06_daily_3x3
_autocorr_threshold0.2.eps>
File: ./asop_coherence_global_temporal_ACCESS_daily_3x3-minus-IMERG-3B-V06_dail
y_3x3_autocorr_threshold0.2.eps Graphic file (type eps)

<./asop_coherence_global_temporal_ACCESS_daily_3x3-minus-IMERG-3B-V06_daily_3x3
_autocorr_threshold0.2.eps>
File: ./asop_coherence_global_temporal_ACCESS_daily_3x3-minus-IMERG-3B-V06_dail
y_3x3_autocorr_threshold0.2.eps Graphic file (type eps)

<./asop_coherence_global_temporal_ACCESS_daily_3x3-minus-IMERG-3B-V06_daily_3x3
_autocorr_threshold0.2.eps>
File: ./asop_coherence_global_temporal_AWI_daily_3x3-minus-IMERG-3B-V06_daily_3
x3_autocorr_threshold0.2.eps Graphic file (type eps)

<./asop_coherence_global_temporal_AWI_daily_3x3-minus-IMERG-3B-V06_daily_3x3_au
tocorr_threshold0.2.eps>
File: ./asop_coherence_global_temporal_AWI_daily_3x3-minus-IMERG-3B-V06_daily_3
x3_autocorr_threshold0.2.eps Graphic file (type eps)

<./asop_coherence_global_temporal_AWI_daily_3x3-minus-IMERG-3B-V06_daily_3x3_au
tocorr_threshold0.2.eps>
File: ./asop_coherence_global_temporal_AWI_daily_3x3-minus-IMERG-3B-V06_daily_3
x3_autocorr_threshold0.2.eps Graphic file (type eps)

<./asop_coherence_global_temporal_AWI_daily_3x3-minus-IMERG-3B-V06_daily_3x3_au
tocorr_threshold0.2.eps>
File: ./asop_coherence_global_temporal_IMERG-3B-V06_daily_3x3_autocorr_threshol
d0.2.eps Graphic file (type eps)

<./asop_coherence_global_temporal_IMERG-3B-V06_daily_3x3_autocorr_threshold0.2.
eps>
File: ./asop_coherence_global_temporal_IMERG-3B-V06_daily_3x3_autocorr_threshol
d0.2.eps Graphic file (type eps)

<./asop_coherence_global_temporal_IMERG-3B-V06_daily_3x3_autocorr_threshold0.2.
eps>
File: ./asop_coherence_global_temporal_IMERG-3B-V06_daily_3x3_autocorr_threshol
d0.2.eps Graphic file (type eps)

<./asop_coherence_global_temporal_IMERG-3B-V06_daily_3x3_autocorr_threshold0.2.
eps>
File: ./asop_coherence_global_temporal_ACCESS_daily_3x3-minus-IMERG-3B-V06_dail
y_3x3_autocorr_threshold0.2.eps Graphic file (type eps)

<./asop_coherence_global_temporal_ACCESS_daily_3x3-minus-IMERG-3B-V06_daily_3x3
_autocorr_threshold0.2.eps>
File: ./asop_coherence_global_temporal_ACCESS_daily_3x3-minus-IMERG-3B-V06_dail
y_3x3_autocorr_threshold0.2.eps Graphic file (type eps)

<./asop_coherence_global_temporal_ACCESS_daily_3x3-minus-IMERG-3B-V06_daily_3x3
_autocorr_threshold0.2.eps>
File: ./asop_coherence_global_temporal_ACCESS_daily_3x3-minus-IMERG-3B-V06_dail
y_3x3_autocorr_threshold0.2.eps Graphic file (type eps)

<./asop_coherence_global_temporal_ACCESS_daily_3x3-minus-IMERG-3B-V06_daily_3x3
_autocorr_threshold0.2.eps>
File: ./asop_coherence_global_temporal_AWI_daily_3x3-minus-IMERG-3B-V06_daily_3
x3_autocorr_threshold0.2.eps Graphic file (type eps)

<./asop_coherence_global_temporal_AWI_daily_3x3-minus-IMERG-3B-V06_daily_3x3_au
tocorr_threshold0.2.eps>
File: ./asop_coherence_global_temporal_AWI_daily_3x3-minus-IMERG-3B-V06_daily_3
x3_autocorr_threshold0.2.eps Graphic file (type eps)

<./asop_coherence_global_temporal_AWI_daily_3x3-minus-IMERG-3B-V06_daily_3x3_au
tocorr_threshold0.2.eps>
File: ./asop_coherence_global_temporal_AWI_daily_3x3-minus-IMERG-3B-V06_daily_3
x3_autocorr_threshold0.2.eps Graphic file (type eps)

<./asop_coherence_global_temporal_AWI_daily_3x3-minus-IMERG-3B-V06_daily_3x3_au
tocorr_threshold0.2.eps>
Overfull \hbox (2.22762pt too wide) in paragraph at lines 40--40
 [][] 
 []

File: ./asop_coherence_global_temporal_BCC_daily_3x3-minus-IMERG-3B-V06_daily_3
x3_autocorr_threshold0.2.eps Graphic file (type eps)

<./asop_coherence_global_temporal_BCC_daily_3x3-minus-IMERG-3B-V06_daily_3x3_au
tocorr_threshold0.2.eps>
File: ./asop_coherence_global_temporal_BCC_daily_3x3-minus-IMERG-3B-V06_daily_3
x3_autocorr_threshold0.2.eps Graphic file (type eps)

<./asop_coherence_global_temporal_BCC_daily_3x3-minus-IMERG-3B-V06_daily_3x3_au
tocorr_threshold0.2.eps>
File: ./asop_coherence_global_temporal_BCC_daily_3x3-minus-IMERG-3B-V06_daily_3
x3_autocorr_threshold0.2.eps Graphic file (type eps)

<./asop_coherence_global_temporal_BCC_daily_3x3-minus-IMERG-3B-V06_daily_3x3_au
tocorr_threshold0.2.eps>
File: ./asop_coherence_global_temporal_FGOALS_daily_3x3-minus-IMERG-3B-V06_dail
y_3x3_autocorr_threshold0.2.eps Graphic file (type eps)

<./asop_coherence_global_temporal_FGOALS_daily_3x3-minus-IMERG-3B-V06_daily_3x3
_autocorr_threshold0.2.eps>
File: ./asop_coherence_global_temporal_FGOALS_daily_3x3-minus-IMERG-3B-V06_dail
y_3x3_autocorr_threshold0.2.eps Graphic file (type eps)

<./asop_coherence_global_temporal_FGOALS_daily_3x3-minus-IMERG-3B-V06_daily_3x3
_autocorr_threshold0.2.eps>
File: ./asop_coherence_global_temporal_FGOALS_daily_3x3-minus-IMERG-3B-V06_dail
y_3x3_autocorr_threshold0.2.eps Graphic file (type eps)

<./asop_coherence_global_temporal_FGOALS_daily_3x3-minus-IMERG-3B-V06_daily_3x3
_autocorr_threshold0.2.eps>
File: ./asop_coherence_global_temporal_GISS_daily_3x3-minus-IMERG-3B-V06_daily_
3x3_autocorr_threshold0.2.eps Graphic file (type eps)

<./asop_coherence_global_temporal_GISS_daily_3x3-minus-IMERG-3B-V06_daily_3x3_a
utocorr_threshold0.2.eps>
File: ./asop_coherence_global_temporal_GISS_daily_3x3-minus-IMERG-3B-V06_daily_
3x3_autocorr_threshold0.2.eps Graphic file (type eps)

<./asop_coherence_global_temporal_GISS_daily_3x3-minus-IMERG-3B-V06_daily_3x3_a
utocorr_threshold0.2.eps>
File: ./asop_coherence_global_temporal_GISS_daily_3x3-minus-IMERG-3B-V06_daily_
3x3_autocorr_threshold0.2.eps Graphic file (type eps)

<./asop_coherence_global_temporal_GISS_daily_3x3-minus-IMERG-3B-V06_daily_3x3_a
utocorr_threshold0.2.eps>
File: ./asop_coherence_global_temporal_BCC_daily_3x3-minus-IMERG-3B-V06_daily_3
x3_autocorr_threshold0.2.eps Graphic file (type eps)

<./asop_coherence_global_temporal_BCC_daily_3x3-minus-IMERG-3B-V06_daily_3x3_au
tocorr_threshold0.2.eps>
File: ./asop_coherence_global_temporal_BCC_daily_3x3-minus-IMERG-3B-V06_daily_3
x3_autocorr_threshold0.2.eps Graphic file (type eps)

<./asop_coherence_global_temporal_BCC_daily_3x3-minus-IMERG-3B-V06_daily_3x3_au
tocorr_threshold0.2.eps>
File: ./asop_coherence_global_temporal_BCC_daily_3x3-minus-IMERG-3B-V06_daily_3
x3_autocorr_threshold0.2.eps Graphic file (type eps)

<./asop_coherence_global_temporal_BCC_daily_3x3-minus-IMERG-3B-V06_daily_3x3_au
tocorr_threshold0.2.eps>
File: ./asop_coherence_global_temporal_FGOALS_daily_3x3-minus-IMERG-3B-V06_dail
y_3x3_autocorr_threshold0.2.eps Graphic file (type eps)

<./asop_coherence_global_temporal_FGOALS_daily_3x3-minus-IMERG-3B-V06_daily_3x3
_autocorr_threshold0.2.eps>
File: ./asop_coherence_global_temporal_FGOALS_daily_3x3-minus-IMERG-3B-V06_dail
y_3x3_autocorr_threshold0.2.eps Graphic file (type eps)

<./asop_coherence_global_temporal_FGOALS_daily_3x3-minus-IMERG-3B-V06_daily_3x3
_autocorr_threshold0.2.eps>
File: ./asop_coherence_global_temporal_FGOALS_daily_3x3-minus-IMERG-3B-V06_dail
y_3x3_autocorr_threshold0.2.eps Graphic file (type eps)

<./asop_coherence_global_temporal_FGOALS_daily_3x3-minus-IMERG-3B-V06_daily_3x3
_autocorr_threshold0.2.eps>
File: ./asop_coherence_global_temporal_GISS_daily_3x3-minus-IMERG-3B-V06_daily_
3x3_autocorr_threshold0.2.eps Graphic file (type eps)

<./asop_coherence_global_temporal_GISS_daily_3x3-minus-IMERG-3B-V06_daily_3x3_a
utocorr_threshold0.2.eps>
File: ./asop_coherence_global_temporal_GISS_daily_3x3-minus-IMERG-3B-V06_daily_
3x3_autocorr_threshold0.2.eps Graphic file (type eps)

<./asop_coherence_global_temporal_GISS_daily_3x3-minus-IMERG-3B-V06_daily_3x3_a
utocorr_threshold0.2.eps>
File: ./asop_coherence_global_temporal_GISS_daily_3x3-minus-IMERG-3B-V06_daily_
3x3_autocorr_threshold0.2.eps Graphic file (type eps)

<./asop_coherence_global_temporal_GISS_daily_3x3-minus-IMERG-3B-V06_daily_3x3_a
utocorr_threshold0.2.eps>
Overfull \hbox (19.49013pt too wide) in paragraph at lines 45--45
 [][] 
 []

File: ./asop_coherence_global_temporal_BCC_daily_3x3-minus-IMERG-3B-V06_daily_3
x3_autocorr_threshold0.2.eps Graphic file (type eps)

<./asop_coherence_global_temporal_BCC_daily_3x3-minus-IMERG-3B-V06_daily_3x3_au
tocorr_threshold0.2.eps>
File: ./asop_coherence_global_temporal_BCC_daily_3x3-minus-IMERG-3B-V06_daily_3
x3_autocorr_threshold0.2.eps Graphic file (type eps)

<./asop_coherence_global_temporal_BCC_daily_3x3-minus-IMERG-3B-V06_daily_3x3_au
tocorr_threshold0.2.eps>
File: ./asop_coherence_global_temporal_BCC_daily_3x3-minus-IMERG-3B-V06_daily_3
x3_autocorr_threshold0.2.eps Graphic file (type eps)

<./asop_coherence_global_temporal_BCC_daily_3x3-minus-IMERG-3B-V06_daily_3x3_au
tocorr_threshold0.2.eps>
File: ./asop_coherence_global_temporal_FGOALS_daily_3x3-minus-IMERG-3B-V06_dail
y_3x3_autocorr_threshold0.2.eps Graphic file (type eps)

<./asop_coherence_global_temporal_FGOALS_daily_3x3-minus-IMERG-3B-V06_daily_3x3
_autocorr_threshold0.2.eps>
File: ./asop_coherence_global_temporal_FGOALS_daily_3x3-minus-IMERG-3B-V06_dail
y_3x3_autocorr_threshold0.2.eps Graphic file (type eps)

<./asop_coherence_global_temporal_FGOALS_daily_3x3-minus-IMERG-3B-V06_daily_3x3
_autocorr_threshold0.2.eps>
File: ./asop_coherence_global_temporal_FGOALS_daily_3x3-minus-IMERG-3B-V06_dail
y_3x3_autocorr_threshold0.2.eps Graphic file (type eps)

<./asop_coherence_global_temporal_FGOALS_daily_3x3-minus-IMERG-3B-V06_daily_3x3
_autocorr_threshold0.2.eps>
File: ./asop_coherence_global_temporal_GISS_daily_3x3-minus-IMERG-3B-V06_daily_
3x3_autocorr_threshold0.2.eps Graphic file (type eps)

<./asop_coherence_global_temporal_GISS_daily_3x3-minus-IMERG-3B-V06_daily_3x3_a
utocorr_threshold0.2.eps>
File: ./asop_coherence_global_temporal_GISS_daily_3x3-minus-IMERG-3B-V06_daily_
3x3_autocorr_threshold0.2.eps Graphic file (type eps)

<./asop_coherence_global_temporal_GISS_daily_3x3-minus-IMERG-3B-V06_daily_3x3_a
utocorr_threshold0.2.eps>
File: ./asop_coherence_global_temporal_GISS_daily_3x3-minus-IMERG-3B-V06_daily_
3x3_autocorr_threshold0.2.eps Graphic file (type eps)

<./asop_coherence_global_temporal_GISS_daily_3x3-minus-IMERG-3B-V06_daily_3x3_a
utocorr_threshold0.2.eps>
File: ./asop_coherence_global_temporal_BCC_daily_3x3-minus-IMERG-3B-V06_daily_3
x3_autocorr_threshold0.2.eps Graphic file (type eps)

<./asop_coherence_global_temporal_BCC_daily_3x3-minus-IMERG-3B-V06_daily_3x3_au
tocorr_threshold0.2.eps>
File: ./asop_coherence_global_temporal_BCC_daily_3x3-minus-IMERG-3B-V06_daily_3
x3_autocorr_threshold0.2.eps Graphic file (type eps)

<./asop_coherence_global_temporal_BCC_daily_3x3-minus-IMERG-3B-V06_daily_3x3_au
tocorr_threshold0.2.eps>
File: ./asop_coherence_global_temporal_BCC_daily_3x3-minus-IMERG-3B-V06_daily_3
x3_autocorr_threshold0.2.eps Graphic file (type eps)

<./asop_coherence_global_temporal_BCC_daily_3x3-minus-IMERG-3B-V06_daily_3x3_au
tocorr_threshold0.2.eps>
File: ./asop_coherence_global_temporal_FGOALS_daily_3x3-minus-IMERG-3B-V06_dail
y_3x3_autocorr_threshold0.2.eps Graphic file (type eps)

<./asop_coherence_global_temporal_FGOALS_daily_3x3-minus-IMERG-3B-V06_daily_3x3
_autocorr_threshold0.2.eps>
File: ./asop_coherence_global_temporal_FGOALS_daily_3x3-minus-IMERG-3B-V06_dail
y_3x3_autocorr_threshold0.2.eps Graphic file (type eps)

<./asop_coherence_global_temporal_FGOALS_daily_3x3-minus-IMERG-3B-V06_daily_3x3
_autocorr_threshold0.2.eps>
File: ./asop_coherence_global_temporal_FGOALS_daily_3x3-minus-IMERG-3B-V06_dail
y_3x3_autocorr_threshold0.2.eps Graphic file (type eps)

<./asop_coherence_global_temporal_FGOALS_daily_3x3-minus-IMERG-3B-V06_daily_3x3
_autocorr_threshold0.2.eps>
File: ./asop_coherence_global_temporal_GISS_daily_3x3-minus-IMERG-3B-V06_daily_
3x3_autocorr_threshold0.2.eps Graphic file (type eps)

<./asop_coherence_global_temporal_GISS_daily_3x3-minus-IMERG-3B-V06_daily_3x3_a
utocorr_threshold0.2.eps>
File: ./asop_coherence_global_temporal_GISS_daily_3x3-minus-IMERG-3B-V06_daily_
3x3_autocorr_threshold0.2.eps Graphic file (type eps)

<./asop_coherence_global_temporal_GISS_daily_3x3-minus-IMERG-3B-V06_daily_3x3_a
utocorr_threshold0.2.eps>
File: ./asop_coherence_global_temporal_GISS_daily_3x3-minus-IMERG-3B-V06_daily_
3x3_autocorr_threshold0.2.eps Graphic file (type eps)

<./asop_coherence_global_temporal_GISS_daily_3x3-minus-IMERG-3B-V06_daily_3x3_a
utocorr_threshold0.2.eps>
Overfull \hbox (9.49013pt too wide) in paragraph at lines 45--45
 [][] 
 []

File: ./asop_coherence_global_temporal_MIROC_daily_3x3-minus-IMERG-3B-V06_daily
_3x3_autocorr_threshold0.2.eps Graphic file (type eps)

<./asop_coherence_global_temporal_MIROC_daily_3x3-minus-IMERG-3B-V06_daily_3x3_
autocorr_threshold0.2.eps>
File: ./asop_coherence_global_temporal_MIROC_daily_3x3-minus-IMERG-3B-V06_daily
_3x3_autocorr_threshold0.2.eps Graphic file (type eps)

<./asop_coherence_global_temporal_MIROC_daily_3x3-minus-IMERG-3B-V06_daily_3x3_
autocorr_threshold0.2.eps>
File: ./asop_coherence_global_temporal_MIROC_daily_3x3-minus-IMERG-3B-V06_daily
_3x3_autocorr_threshold0.2.eps Graphic file (type eps)

<./asop_coherence_global_temporal_MIROC_daily_3x3-minus-IMERG-3B-V06_daily_3x3_
autocorr_threshold0.2.eps>
File: ./asop_coherence_global_temporal_MPI-ESM_daily_3x3-minus-IMERG-3B-V06_dai
ly_3x3_autocorr_threshold0.2.eps Graphic file (type eps)

<./asop_coherence_global_temporal_MPI-ESM_daily_3x3-minus-IMERG-3B-V06_daily_3x
3_autocorr_threshold0.2.eps>
File: ./asop_coherence_global_temporal_MPI-ESM_daily_3x3-minus-IMERG-3B-V06_dai
ly_3x3_autocorr_threshold0.2.eps Graphic file (type eps)

<./asop_coherence_global_temporal_MPI-ESM_daily_3x3-minus-IMERG-3B-V06_daily_3x
3_autocorr_threshold0.2.eps>
File: ./asop_coherence_global_temporal_MPI-ESM_daily_3x3-minus-IMERG-3B-V06_dai
ly_3x3_autocorr_threshold0.2.eps Graphic file (type eps)

<./asop_coherence_global_temporal_MPI-ESM_daily_3x3-minus-IMERG-3B-V06_daily_3x
3_autocorr_threshold0.2.eps>
File: ./asop_coherence_global_temporal_SAM_daily_3x3-minus-IMERG-3B-V06_daily_3
x3_autocorr_threshold0.2.eps Graphic file (type eps)

<./asop_coherence_global_temporal_SAM_daily_3x3-minus-IMERG-3B-V06_daily_3x3_au
tocorr_threshold0.2.eps>
File: ./asop_coherence_global_temporal_SAM_daily_3x3-minus-IMERG-3B-V06_daily_3
x3_autocorr_threshold0.2.eps Graphic file (type eps)

<./asop_coherence_global_temporal_SAM_daily_3x3-minus-IMERG-3B-V06_daily_3x3_au
tocorr_threshold0.2.eps>
File: ./asop_coherence_global_temporal_SAM_daily_3x3-minus-IMERG-3B-V06_daily_3
x3_autocorr_threshold0.2.eps Graphic file (type eps)

<./asop_coherence_global_temporal_SAM_daily_3x3-minus-IMERG-3B-V06_daily_3x3_au
tocorr_threshold0.2.eps>
File: ./asop_coherence_global_temporal_MIROC_daily_3x3-minus-IMERG-3B-V06_daily
_3x3_autocorr_threshold0.2.eps Graphic file (type eps)

<./asop_coherence_global_temporal_MIROC_daily_3x3-minus-IMERG-3B-V06_daily_3x3_
autocorr_threshold0.2.eps>
File: ./asop_coherence_global_temporal_MIROC_daily_3x3-minus-IMERG-3B-V06_daily
_3x3_autocorr_threshold0.2.eps Graphic file (type eps)

<./asop_coherence_global_temporal_MIROC_daily_3x3-minus-IMERG-3B-V06_daily_3x3_
autocorr_threshold0.2.eps>
File: ./asop_coherence_global_temporal_MIROC_daily_3x3-minus-IMERG-3B-V06_daily
_3x3_autocorr_threshold0.2.eps Graphic file (type eps)

<./asop_coherence_global_temporal_MIROC_daily_3x3-minus-IMERG-3B-V06_daily_3x3_
autocorr_threshold0.2.eps>
File: ./asop_coherence_global_temporal_MPI-ESM_daily_3x3-minus-IMERG-3B-V06_dai
ly_3x3_autocorr_threshold0.2.eps Graphic file (type eps)

<./asop_coherence_global_temporal_MPI-ESM_daily_3x3-minus-IMERG-3B-V06_daily_3x
3_autocorr_threshold0.2.eps>
File: ./asop_coherence_global_temporal_MPI-ESM_daily_3x3-minus-IMERG-3B-V06_dai
ly_3x3_autocorr_threshold0.2.eps Graphic file (type eps)

<./asop_coherence_global_temporal_MPI-ESM_daily_3x3-minus-IMERG-3B-V06_daily_3x
3_autocorr_threshold0.2.eps>
File: ./asop_coherence_global_temporal_MPI-ESM_daily_3x3-minus-IMERG-3B-V06_dai
ly_3x3_autocorr_threshold0.2.eps Graphic file (type eps)

<./asop_coherence_global_temporal_MPI-ESM_daily_3x3-minus-IMERG-3B-V06_daily_3x
3_autocorr_threshold0.2.eps>
File: ./asop_coherence_global_temporal_SAM_daily_3x3-minus-IMERG-3B-V06_daily_3
x3_autocorr_threshold0.2.eps Graphic file (type eps)

<./asop_coherence_global_temporal_SAM_daily_3x3-minus-IMERG-3B-V06_daily_3x3_au
tocorr_threshold0.2.eps>
File: ./asop_coherence_global_temporal_SAM_daily_3x3-minus-IMERG-3B-V06_daily_3
x3_autocorr_threshold0.2.eps Graphic file (type eps)

<./asop_coherence_global_temporal_SAM_daily_3x3-minus-IMERG-3B-V06_daily_3x3_au
tocorr_threshold0.2.eps>
File: ./asop_coherence_global_temporal_SAM_daily_3x3-minus-IMERG-3B-V06_daily_3
x3_autocorr_threshold0.2.eps Graphic file (type eps)

<./asop_coherence_global_temporal_SAM_daily_3x3-minus-IMERG-3B-V06_daily_3x3_au
tocorr_threshold0.2.eps>
Overfull \hbox (25.84132pt too wide) in paragraph at lines 51--51
 [][] 
 []

File: ./asop_coherence_global_temporal_MIROC_daily_3x3-minus-IMERG-3B-V06_daily
_3x3_autocorr_threshold0.2.eps Graphic file (type eps)

<./asop_coherence_global_temporal_MIROC_daily_3x3-minus-IMERG-3B-V06_daily_3x3_
autocorr_threshold0.2.eps>
File: ./asop_coherence_global_temporal_MIROC_daily_3x3-minus-IMERG-3B-V06_daily
_3x3_autocorr_threshold0.2.eps Graphic file (type eps)

<./asop_coherence_global_temporal_MIROC_daily_3x3-minus-IMERG-3B-V06_daily_3x3_
autocorr_threshold0.2.eps>
File: ./asop_coherence_global_temporal_MIROC_daily_3x3-minus-IMERG-3B-V06_daily
_3x3_autocorr_threshold0.2.eps Graphic file (type eps)

<./asop_coherence_global_temporal_MIROC_daily_3x3-minus-IMERG-3B-V06_daily_3x3_
autocorr_threshold0.2.eps>
File: ./asop_coherence_global_temporal_MPI-ESM_daily_3x3-minus-IMERG-3B-V06_dai
ly_3x3_autocorr_threshold0.2.eps Graphic file (type eps)

<./asop_coherence_global_temporal_MPI-ESM_daily_3x3-minus-IMERG-3B-V06_daily_3x
3_autocorr_threshold0.2.eps>
File: ./asop_coherence_global_temporal_MPI-ESM_daily_3x3-minus-IMERG-3B-V06_dai
ly_3x3_autocorr_threshold0.2.eps Graphic file (type eps)

<./asop_coherence_global_temporal_MPI-ESM_daily_3x3-minus-IMERG-3B-V06_daily_3x
3_autocorr_threshold0.2.eps>
File: ./asop_coherence_global_temporal_MPI-ESM_daily_3x3-minus-IMERG-3B-V06_dai
ly_3x3_autocorr_threshold0.2.eps Graphic file (type eps)

<./asop_coherence_global_temporal_MPI-ESM_daily_3x3-minus-IMERG-3B-V06_daily_3x
3_autocorr_threshold0.2.eps>
File: ./asop_coherence_global_temporal_SAM_daily_3x3-minus-IMERG-3B-V06_daily_3
x3_autocorr_threshold0.2.eps Graphic file (type eps)

<./asop_coherence_global_temporal_SAM_daily_3x3-minus-IMERG-3B-V06_daily_3x3_au
tocorr_threshold0.2.eps>
File: ./asop_coherence_global_temporal_SAM_daily_3x3-minus-IMERG-3B-V06_daily_3
x3_autocorr_threshold0.2.eps Graphic file (type eps)

<./asop_coherence_global_temporal_SAM_daily_3x3-minus-IMERG-3B-V06_daily_3x3_au
tocorr_threshold0.2.eps>
File: ./asop_coherence_global_temporal_SAM_daily_3x3-minus-IMERG-3B-V06_daily_3
x3_autocorr_threshold0.2.eps Graphic file (type eps)

<./asop_coherence_global_temporal_SAM_daily_3x3-minus-IMERG-3B-V06_daily_3x3_au
tocorr_threshold0.2.eps>
File: ./asop_coherence_global_temporal_MIROC_daily_3x3-minus-IMERG-3B-V06_daily
_3x3_autocorr_threshold0.2.eps Graphic file (type eps)

<./asop_coherence_global_temporal_MIROC_daily_3x3-minus-IMERG-3B-V06_daily_3x3_
autocorr_threshold0.2.eps>
File: ./asop_coherence_global_temporal_MIROC_daily_3x3-minus-IMERG-3B-V06_daily
_3x3_autocorr_threshold0.2.eps Graphic file (type eps)

<./asop_coherence_global_temporal_MIROC_daily_3x3-minus-IMERG-3B-V06_daily_3x3_
autocorr_threshold0.2.eps>
File: ./asop_coherence_global_temporal_MIROC_daily_3x3-minus-IMERG-3B-V06_daily
_3x3_autocorr_threshold0.2.eps Graphic file (type eps)

<./asop_coherence_global_temporal_MIROC_daily_3x3-minus-IMERG-3B-V06_daily_3x3_
autocorr_threshold0.2.eps>
File: ./asop_coherence_global_temporal_MPI-ESM_daily_3x3-minus-IMERG-3B-V06_dai
ly_3x3_autocorr_threshold0.2.eps Graphic file (type eps)

<./asop_coherence_global_temporal_MPI-ESM_daily_3x3-minus-IMERG-3B-V06_daily_3x
3_autocorr_threshold0.2.eps>
File: ./asop_coherence_global_temporal_MPI-ESM_daily_3x3-minus-IMERG-3B-V06_dai
ly_3x3_autocorr_threshold0.2.eps Graphic file (type eps)

<./asop_coherence_global_temporal_MPI-ESM_daily_3x3-minus-IMERG-3B-V06_daily_3x
3_autocorr_threshold0.2.eps>
File: ./asop_coherence_global_temporal_MPI-ESM_daily_3x3-minus-IMERG-3B-V06_dai
ly_3x3_autocorr_threshold0.2.eps Graphic file (type eps)

<./asop_coherence_global_temporal_MPI-ESM_daily_3x3-minus-IMERG-3B-V06_daily_3x
3_autocorr_threshold0.2.eps>
File: ./asop_coherence_global_temporal_SAM_daily_3x3-minus-IMERG-3B-V06_daily_3
x3_autocorr_threshold0.2.eps Graphic file (type eps)

<./asop_coherence_global_temporal_SAM_daily_3x3-minus-IMERG-3B-V06_daily_3x3_au
tocorr_threshold0.2.eps>
File: ./asop_coherence_global_temporal_SAM_daily_3x3-minus-IMERG-3B-V06_daily_3
x3_autocorr_threshold0.2.eps Graphic file (type eps)

<./asop_coherence_global_temporal_SAM_daily_3x3-minus-IMERG-3B-V06_daily_3x3_au
tocorr_threshold0.2.eps>
File: ./asop_coherence_global_temporal_SAM_daily_3x3-minus-IMERG-3B-V06_daily_3
x3_autocorr_threshold0.2.eps Graphic file (type eps)

<./asop_coherence_global_temporal_SAM_daily_3x3-minus-IMERG-3B-V06_daily_3x3_au
tocorr_threshold0.2.eps>
Overfull \hbox (15.84132pt too wide) in paragraph at lines 51--51
 [][] 
 []


LaTeX Warning: `h' float specifier changed to `ht'.

[1

] [2] (./gpm_cmip6_temporal_autocorr_daily.aux) ) 
Here is how much of TeX's memory you used:
 3367 strings out of 483108
 59800 string characters out of 5964656
 300934 words of memory out of 5000000
 18386 multiletter control sequences out of 15000+600000
 534159 words of font info for 28 fonts, out of 8000000 for 9000
 59 hyphenation exceptions out of 8191
 42i,14n,52p,280b,898s stack positions out of 5000i,500n,10000p,200000b,80000s

Output written on gpm_cmip6_temporal_autocorr_daily.dvi (2 pages, 11644 bytes).

